2025-07-17 12:35:24,385 INFO o.a.j.u.JMeterUtils: Setting Locale to en_EN
2025-07-17 12:35:24,454 INFO o.a.j.JMeter: Copyright (c) 1998-2024 The Apache Software Foundation
2025-07-17 12:35:24,454 INFO o.a.j.JMeter: Version 5.6.3
2025-07-17 12:35:24,454 INFO o.a.j.JMeter: java.version=22
2025-07-17 12:35:24,454 INFO o.a.j.JMeter: java.vm.name=Java HotSpot(TM) 64-Bit Server VM
2025-07-17 12:35:24,454 INFO o.a.j.JMeter: os.name=Windows 11
2025-07-17 12:35:24,454 INFO o.a.j.JMeter: os.arch=amd64
2025-07-17 12:35:24,454 INFO o.a.j.JMeter: os.version=10.0
2025-07-17 12:35:24,454 INFO o.a.j.JMeter: file.encoding=UTF-8
2025-07-17 12:35:24,454 INFO o.a.j.JMeter: java.awt.headless=true
2025-07-17 12:35:24,454 INFO o.a.j.JMeter: Max memory     =1073741824
2025-07-17 12:35:24,470 INFO o.a.j.JMeter: Available Processors =8
2025-07-17 12:35:24,507 INFO o.a.j.JMeter: Default Locale=English (EN)
2025-07-17 12:35:24,507 INFO o.a.j.JMeter: JMeter  Locale=English (EN)
2025-07-17 12:35:24,507 INFO o.a.j.JMeter: JMeterHome=C:\Users\Signity\Desktop\Jmeter_download\apache-jmeter-5.6.3\apache-jmeter-5.6.3
2025-07-17 12:35:24,507 INFO o.a.j.JMeter: user.dir  =C:\Users\Signity\Desktop\Project_Jmeter\OrangeHRM
2025-07-17 12:35:24,507 INFO o.a.j.JMeter: PWD       =C:\Users\Signity\Desktop\Project_Jmeter\OrangeHRM
2025-07-17 12:35:24,509 INFO o.a.j.JMeter: IP: 10.5.1.195 Name: DESKTOP-HG2F2DD FullName: DESKTOP-HG2F2DD
2025-07-17 12:35:24,522 INFO o.a.j.JMeter: Setting property 'jmeter.reportgenerator.outputdir' to:'C:\Users\Signity\Desktop\Project_Jmeter\OrangeHRM\temp'
2025-07-17 12:35:24,533 INFO o.a.j.s.FileServer: Default base='C:\Users\Signity\Desktop\Project_Jmeter\OrangeHRM'
2025-07-17 12:35:24,534 INFO o.a.j.s.FileServer: Set new base='C:\Users\Signity\Desktop\Project_Jmeter\OrangeHRM\TestPlan'
2025-07-17 12:35:24,922 INFO o.a.j.s.SaveService: Testplan (JMX) version: 2.2. Testlog (JTL) version: 2.2
2025-07-17 12:35:24,985 INFO o.a.j.s.SaveService: Using SaveService properties version 5.0
2025-07-17 12:35:24,987 INFO o.a.j.s.SaveService: Using SaveService properties file encoding UTF-8
2025-07-17 12:35:24,994 INFO o.a.j.s.SaveService: Loading file: C:\Users\Signity\Desktop\Project_Jmeter\OrangeHRM\TestPlan\orangehrm_test.jmx
2025-07-17 12:35:25,041 INFO o.a.j.p.h.c.CookieManager: Settings: Delete null: true Check: true Allow variable: true Save: false Prefix: COOKIE_
2025-07-17 12:35:25,041 INFO o.a.j.p.h.c.CacheManager: Will only cache the following methods: [GET]
2025-07-17 12:35:25,274 INFO o.a.j.s.SampleResult: Note: Sample TimeStamps are END times
2025-07-17 12:35:25,274 INFO o.a.j.s.SampleResult: sampleresult.default.encoding is set to UTF-8
2025-07-17 12:35:25,274 INFO o.a.j.s.SampleResult: sampleresult.useNanoTime=true
2025-07-17 12:35:25,274 INFO o.a.j.s.SampleResult: sampleresult.nanoThreadSleep=5000
2025-07-17 12:35:25,385 INFO o.a.j.r.d.ReportGenerator: ReportGenerator will use for Parsing the separator: ','
2025-07-17 12:35:25,385 INFO o.a.j.r.d.ReportGenerator: Will generate report at end of test from  results file: C:\Users\Signity\Desktop\Project_Jmeter\OrangeHRM\Result\orangehrm.csv
2025-07-17 12:35:25,385 INFO o.a.j.r.d.ReportGenerator: Reading report generator properties from: C:\Users\Signity\Desktop\Jmeter_download\apache-jmeter-5.6.3\apache-jmeter-5.6.3\bin\reportgenerator.properties
2025-07-17 12:35:25,387 INFO o.a.j.r.d.ReportGenerator: Merging with JMeter properties
2025-07-17 12:35:25,400 INFO o.a.j.r.c.ReportGeneratorConfiguration: Property 'jmeter.reportgenerator.temp_dir' not found, using default value 'temp' instead.
2025-07-17 12:35:25,404 INFO o.a.j.r.c.ReportGeneratorConfiguration: Property 'jmeter.reportgenerator.apdex_per_transaction' not found, using default value 'null' instead.
2025-07-17 12:35:25,404 INFO o.a.j.r.c.ReportGeneratorConfiguration: apdex_per_transaction is empty, not APDEX per transaction customization
2025-07-17 12:35:25,404 INFO o.a.j.r.c.ReportGeneratorConfiguration: Property 'jmeter.reportgenerator.sample_filter' not found, using default value 'null' instead.
2025-07-17 12:35:25,404 INFO o.a.j.r.c.ReportGeneratorConfiguration: Property 'jmeter.reportgenerator.report_title' not found, using default value 'null' instead.
2025-07-17 12:35:25,404 INFO o.a.j.r.c.ReportGeneratorConfiguration: Property 'jmeter.reportgenerator.start_date' not found, using default value 'null' instead.
2025-07-17 12:35:25,404 INFO o.a.j.r.c.ReportGeneratorConfiguration: Property 'jmeter.reportgenerator.end_date' not found, using default value 'null' instead.
2025-07-17 12:35:25,404 INFO o.a.j.r.c.ReportGeneratorConfiguration: Property 'jmeter.reportgenerator.date_format' not found, using default value 'null' instead.
2025-07-17 12:35:25,404 INFO o.a.j.r.c.ReportGeneratorConfiguration: Will use date range start date: null, end date: null
2025-07-17 12:35:25,416 INFO o.a.j.r.c.ReportGeneratorConfiguration: Property 'jmeter.reportgenerator.graph.totalTPS.exclude_controllers' not found, using default value 'false' instead.
2025-07-17 12:35:25,416 INFO o.a.j.r.c.ReportGeneratorConfiguration: Property 'jmeter.reportgenerator.graph.activeThreadsOverTime.exclude_controllers' not found, using default value 'false' instead.
2025-07-17 12:35:25,416 INFO o.a.j.r.c.ReportGeneratorConfiguration: Property 'jmeter.reportgenerator.graph.timeVsThreads.exclude_controllers' not found, using default value 'false' instead.
2025-07-17 12:35:25,416 INFO o.a.j.r.c.ReportGeneratorConfiguration: Property 'jmeter.reportgenerator.graph.responseTimeDistribution.exclude_controllers' not found, using default value 'false' instead.
2025-07-17 12:35:25,416 INFO o.a.j.r.c.ReportGeneratorConfiguration: Property 'jmeter.reportgenerator.graph.transactionsPerSecond.exclude_controllers' not found, using default value 'false' instead.
2025-07-17 12:35:25,416 INFO o.a.j.r.c.ReportGeneratorConfiguration: Property 'jmeter.reportgenerator.graph.responseTimePercentiles.exclude_controllers' not found, using default value 'false' instead.
2025-07-17 12:35:25,416 INFO o.a.j.r.c.ReportGeneratorConfiguration: Property 'jmeter.reportgenerator.graph.responseTimePercentilesOverTime.exclude_controllers' not found, using default value 'false' instead.
2025-07-17 12:35:25,416 INFO o.a.j.r.c.ReportGeneratorConfiguration: Property 'jmeter.reportgenerator.graph.responseTimesOverTime.exclude_controllers' not found, using default value 'false' instead.
2025-07-17 12:35:25,416 INFO o.a.j.r.c.ReportGeneratorConfiguration: Property 'jmeter.reportgenerator.graph.connectTimeOverTime.exclude_controllers' not found, using default value 'false' instead.
2025-07-17 12:35:25,418 INFO o.a.j.r.c.ReportGeneratorConfiguration: Property 'jmeter.reportgenerator.graph.latenciesOverTime.exclude_controllers' not found, using default value 'false' instead.
2025-07-17 12:35:25,420 INFO o.a.j.r.c.ReportGeneratorConfiguration: Property 'jmeter.reportgenerator.exporter.json.filters_only_sample_series' not found, using default value 'true' instead.
2025-07-17 12:35:25,420 INFO o.a.j.r.c.ReportGeneratorConfiguration: Property 'jmeter.reportgenerator.exporter.json.series_filter' not found, using default value '' instead.
2025-07-17 12:35:25,420 INFO o.a.j.r.c.ReportGeneratorConfiguration: Property 'jmeter.reportgenerator.exporter.json.show_controllers_only' not found, using default value 'false' instead.
2025-07-17 12:35:25,421 INFO o.a.j.r.c.ReportGeneratorConfiguration: Property 'jmeter.reportgenerator.exporter.html.filters_only_sample_series' not found, using default value 'true' instead.
2025-07-17 12:35:25,421 INFO o.a.j.r.c.ReportGeneratorConfiguration: Property 'jmeter.reportgenerator.exporter.html.series_filter' not found, using default value '' instead.
2025-07-17 12:35:25,421 INFO o.a.j.r.c.ReportGeneratorConfiguration: Property 'jmeter.reportgenerator.exporter.html.show_controllers_only' not found, using default value 'false' instead.
2025-07-17 12:35:25,438 INFO o.a.j.e.StandardJMeterEngine: Running the test!
2025-07-17 12:35:25,438 INFO o.a.j.s.SampleEvent: List of sample_variables: []
2025-07-17 12:35:25,438 INFO o.a.j.s.SampleEvent: List of sample_variables: []
2025-07-17 12:35:25,641 INFO o.a.j.r.ClassFinder: Will scan jar C:\Users\Signity\Desktop\Jmeter_download\apache-jmeter-5.6.3\apache-jmeter-5.6.3\lib\ext\jmeter-plugins-casutg-3.1.1.jar with filter ExtendsClassFilter [parents=[interface org.apache.jmeter.functions.Function], inner=false, contains=null, notContains=null]. Consider exposing JMeter plugins via META-INF/services, and add JMeter-Skip-Class-Scanning=true manifest attribute so JMeter can skip classfile scanning
2025-07-17 12:35:25,680 INFO o.a.j.r.ClassFinder: Will scan jar C:\Users\Signity\Desktop\Jmeter_download\apache-jmeter-5.6.3\apache-jmeter-5.6.3\lib\ext\jmeter-plugins-dummy-0.4.jar with filter ExtendsClassFilter [parents=[interface org.apache.jmeter.functions.Function], inner=false, contains=null, notContains=null]. Consider exposing JMeter plugins via META-INF/services, and add JMeter-Skip-Class-Scanning=true manifest attribute so JMeter can skip classfile scanning
2025-07-17 12:35:25,681 INFO o.a.j.r.ClassFinder: Will scan jar C:\Users\Signity\Desktop\Jmeter_download\apache-jmeter-5.6.3\apache-jmeter-5.6.3\lib\ext\jmeter-plugins-fifo-0.2.jar with filter ExtendsClassFilter [parents=[interface org.apache.jmeter.functions.Function], inner=false, contains=null, notContains=null]. Consider exposing JMeter plugins via META-INF/services, and add JMeter-Skip-Class-Scanning=true manifest attribute so JMeter can skip classfile scanning
2025-07-17 12:35:25,700 INFO o.a.j.r.ClassFinder: Will scan jar C:\Users\Signity\Desktop\Jmeter_download\apache-jmeter-5.6.3\apache-jmeter-5.6.3\lib\ext\jmeter-plugins-perfmon-2.1.jar with filter ExtendsClassFilter [parents=[interface org.apache.jmeter.functions.Function], inner=false, contains=null, notContains=null]. Consider exposing JMeter plugins via META-INF/services, and add JMeter-Skip-Class-Scanning=true manifest attribute so JMeter can skip classfile scanning
2025-07-17 12:35:25,722 INFO o.a.j.r.ClassFinder: Will scan jar C:\Users\Signity\Desktop\Jmeter_download\apache-jmeter-5.6.3\apache-jmeter-5.6.3\lib\ext\jmeter-plugins-manager-1.11.jar with filter ExtendsClassFilter [parents=[interface org.apache.jmeter.functions.Function], inner=false, contains=null, notContains=null]. Consider exposing JMeter plugins via META-INF/services, and add JMeter-Skip-Class-Scanning=true manifest attribute so JMeter can skip classfile scanning
2025-07-17 12:35:25,986 INFO o.a.j.r.ClassFinder: Will scan jar C:\Users\Signity\Desktop\Jmeter_download\apache-jmeter-5.6.3\apache-jmeter-5.6.3\lib\ext\jmeter-plugins-ffw-2.0.jar with filter ExtendsClassFilter [parents=[interface org.apache.jmeter.functions.Function], inner=false, contains=null, notContains=null]. Consider exposing JMeter plugins via META-INF/services, and add JMeter-Skip-Class-Scanning=true manifest attribute so JMeter can skip classfile scanning
2025-07-17 12:35:25,988 INFO o.a.j.r.ClassFinder: Will scan jar C:\Users\Signity\Desktop\Jmeter_download\apache-jmeter-5.6.3\apache-jmeter-5.6.3\lib\ext\jmeter-plugins-graphs-basic-2.0.jar with filter ExtendsClassFilter [parents=[interface org.apache.jmeter.functions.Function], inner=false, contains=null, notContains=null]. Consider exposing JMeter plugins via META-INF/services, and add JMeter-Skip-Class-Scanning=true manifest attribute so JMeter can skip classfile scanning
2025-07-17 12:35:25,991 INFO o.a.j.r.ClassFinder: Will scan jar C:\Users\Signity\Desktop\Jmeter_download\apache-jmeter-5.6.3\apache-jmeter-5.6.3\lib\ext\jmeter-plugins-webdriver-4.13.0.2.jar with filter ExtendsClassFilter [parents=[interface org.apache.jmeter.functions.Function], inner=false, contains=null, notContains=null]. Consider exposing JMeter plugins via META-INF/services, and add JMeter-Skip-Class-Scanning=true manifest attribute so JMeter can skip classfile scanning
2025-07-17 12:35:26,024 INFO o.a.j.r.ClassFinder: Will scan jar C:\Users\Signity\Desktop\Jmeter_download\apache-jmeter-5.6.3\apache-jmeter-5.6.3\lib\ext\jmeter-plugins-functions-2.2.jar with filter ExtendsClassFilter [parents=[interface org.apache.jmeter.functions.Function], inner=false, contains=null, notContains=null]. Consider exposing JMeter plugins via META-INF/services, and add JMeter-Skip-Class-Scanning=true manifest attribute so JMeter can skip classfile scanning
2025-07-17 12:35:26,032 INFO o.a.j.r.ClassFinder: Will scan jar C:\Users\Signity\Desktop\Jmeter_download\apache-jmeter-5.6.3\apache-jmeter-5.6.3\lib\ext\jmeter-plugins-tst-2.6.jar with filter ExtendsClassFilter [parents=[interface org.apache.jmeter.functions.Function], inner=false, contains=null, notContains=null]. Consider exposing JMeter plugins via META-INF/services, and add JMeter-Skip-Class-Scanning=true manifest attribute so JMeter can skip classfile scanning
2025-07-17 12:35:26,047 INFO o.a.j.r.ClassFinder: Will scan jar C:\Users\Signity\Desktop\Jmeter_download\apache-jmeter-5.6.3\apache-jmeter-5.6.3\lib\ext\jmeter-plugins-graphs-composite-2.0.jar with filter ExtendsClassFilter [parents=[interface org.apache.jmeter.functions.Function], inner=false, contains=null, notContains=null]. Consider exposing JMeter plugins via META-INF/services, and add JMeter-Skip-Class-Scanning=true manifest attribute so JMeter can skip classfile scanning
2025-07-17 12:35:26,305 INFO o.a.j.JMeter: Running test (1752735926305)
2025-07-17 12:35:26,307 INFO o.a.j.e.StandardJMeterEngine: Starting setUp thread groups
2025-07-17 12:35:26,307 INFO o.a.j.e.StandardJMeterEngine: Starting setUp ThreadGroup: 1 : Login Module 
2025-07-17 12:35:26,307 INFO o.a.j.e.StandardJMeterEngine: Starting 1 threads for group Login Module.
2025-07-17 12:35:26,307 INFO o.a.j.e.StandardJMeterEngine: Test will stop abruptly on error
2025-07-17 12:35:26,307 INFO o.a.j.t.ThreadGroup: Starting thread group... number=1 threads=1 ramp-up=2 delayedStart=false
2025-07-17 12:35:26,343 INFO o.a.j.t.ThreadGroup: Started thread group number 1
2025-07-17 12:35:26,345 INFO o.a.j.e.StandardJMeterEngine: Waiting for all setup thread groups to exit
2025-07-17 12:35:26,348 INFO o.a.j.t.JMeterThread: Thread started: Login Module 1-1
2025-07-17 12:35:26,382 ERROR o.a.j.u.BeanShellInterpreter: Error invoking bsh method: eval	Sourced file: inline evaluation of: ``import org.apache.jmeter.protocol.http.control.CookieManager; import org.apache. . . . ''
2025-07-17 12:35:26,382 WARN o.a.j.m.BeanShellPreProcessor: Problem in BeanShell script. org.apache.jorphan.util.JMeterException: Error invoking bsh method: eval	Sourced file: inline evaluation of: ``import org.apache.jmeter.protocol.http.control.CookieManager; import org.apache. . . . ''
2025-07-17 12:35:27,427 INFO o.a.j.p.h.s.HTTPHCAbstractImpl: Local host = DESKTOP-HG2F2DD
2025-07-17 12:35:27,443 INFO o.a.j.p.h.s.HTTPHC4Impl: HTTP request retry count = 0
2025-07-17 12:35:27,594 INFO o.a.j.p.h.s.h.LazyLayeredConnectionSocketFactory: Setting up HTTPS TrustAll Socket Factory
2025-07-17 12:35:27,609 INFO o.a.j.u.JsseSSLManager: Using default SSL protocol: TLS
2025-07-17 12:35:27,609 INFO o.a.j.u.JsseSSLManager: SSL session context: per-thread
2025-07-17 12:35:27,738 INFO o.a.j.u.SSLManager: JmeterKeyStore Location:  type JKS
2025-07-17 12:35:27,743 INFO o.a.j.u.SSLManager: KeyStore created OK
2025-07-17 12:35:27,743 WARN o.a.j.u.SSLManager: Keystore file not found, loading empty keystore
2025-07-17 12:35:29,530 ERROR o.a.j.u.BeanShellInterpreter: Error invoking bsh method: eval	Sourced file: inline evaluation of: ``import org.apache.jmeter.protocol.http.control.CookieManager; import org.apache. . . . ''
2025-07-17 12:35:29,530 WARN o.a.j.m.BeanShellPreProcessor: Problem in BeanShell script. org.apache.jorphan.util.JMeterException: Error invoking bsh method: eval	Sourced file: inline evaluation of: ``import org.apache.jmeter.protocol.http.control.CookieManager; import org.apache. . . . ''
2025-07-17 12:35:29,532 ERROR o.a.j.u.BeanShellInterpreter: Error invoking bsh method: eval	Sourced file: inline evaluation of: ``import org.apache.jmeter.protocol.http.control.CookieManager; import org.apache. . . . ''
2025-07-17 12:35:29,532 WARN o.a.j.m.BeanShellPreProcessor: Problem in BeanShell script. org.apache.jorphan.util.JMeterException: Error invoking bsh method: eval	Sourced file: inline evaluation of: ``import org.apache.jmeter.protocol.http.control.CookieManager; import org.apache. . . . ''
2025-07-17 12:35:31,823 ERROR o.a.j.u.BeanShellInterpreter: Error invoking bsh method: eval	Sourced file: inline evaluation of: ``//props.put("MyCookie","${COOKIE_orangehrm}"); //Make the Cookie Global Access b . . . '' : Typed variable declaration : Error in method invocation: Method replaceAll( java.lang.String, java.lang.String, java.lang.String ) not found in class'java.lang.String'
2025-07-17 12:35:31,823 WARN o.a.j.e.BeanShellPostProcessor: Problem in BeanShell script: org.apache.jorphan.util.JMeterException: Error invoking bsh method: eval	Sourced file: inline evaluation of: ``//props.put("MyCookie","${COOKIE_orangehrm}"); //Make the Cookie Global Access b . . . '' : Typed variable declaration : Error in method invocation: Method replaceAll( java.lang.String, java.lang.String, java.lang.String ) not found in class'java.lang.String'
2025-07-17 12:35:31,835 INFO o.a.j.t.JMeterThread: Thread is done: Login Module 1-1
2025-07-17 12:35:31,835 INFO o.a.j.t.JMeterThread: Thread finished: Login Module 1-1
2025-07-17 12:35:31,835 INFO o.a.j.e.StandardJMeterEngine: All Setup Threads have ended
2025-07-17 12:35:31,866 INFO o.a.j.e.StandardJMeterEngine: Starting ThreadGroup: 1 : Functional Module
2025-07-17 12:35:31,866 INFO o.a.j.e.StandardJMeterEngine: Starting 1 threads for group Functional Module.
2025-07-17 12:35:31,866 INFO o.a.j.e.StandardJMeterEngine: Thread will continue on error
2025-07-17 12:35:31,866 INFO o.a.j.t.ThreadGroup: Starting thread group... number=1 threads=1 ramp-up=2 delayedStart=false
2025-07-17 12:35:31,882 INFO o.a.j.t.ThreadGroup: Started thread group number 1
2025-07-17 12:35:31,882 INFO o.a.j.e.StandardJMeterEngine: Waiting for thread group: Functional Module to finish before starting next group
2025-07-17 12:35:31,898 INFO o.a.j.t.JMeterThread: Thread started: Functional Module 1-1
2025-07-17 12:35:31,898 ERROR o.a.j.u.BeanShellInterpreter: Error invoking bsh method: eval	Sourced file: inline evaluation of: ``import org.apache.jmeter.protocol.http.control.CookieManager; import org.apache. . . . ''
2025-07-17 12:35:31,898 WARN o.a.j.m.BeanShellPreProcessor: Problem in BeanShell script. org.apache.jorphan.util.JMeterException: Error invoking bsh method: eval	Sourced file: inline evaluation of: ``import org.apache.jmeter.protocol.http.control.CookieManager; import org.apache. . . . ''
2025-07-17 12:35:33,975 ERROR o.a.j.u.BeanShellInterpreter: Error invoking bsh method: eval	Sourced file: inline evaluation of: ``import org.apache.jmeter.protocol.http.control.CookieManager; import org.apache. . . . ''
2025-07-17 12:35:33,975 WARN o.a.j.m.BeanShellPreProcessor: Problem in BeanShell script. org.apache.jorphan.util.JMeterException: Error invoking bsh method: eval	Sourced file: inline evaluation of: ``import org.apache.jmeter.protocol.http.control.CookieManager; import org.apache. . . . ''
2025-07-17 12:35:33,977 ERROR o.a.j.u.BeanShellInterpreter: Error invoking bsh method: eval	Sourced file: inline evaluation of: ``import org.apache.jmeter.protocol.http.control.CookieManager; import org.apache. . . . ''
2025-07-17 12:35:33,977 WARN o.a.j.m.BeanShellPreProcessor: Problem in BeanShell script. org.apache.jorphan.util.JMeterException: Error invoking bsh method: eval	Sourced file: inline evaluation of: ``import org.apache.jmeter.protocol.http.control.CookieManager; import org.apache. . . . ''
2025-07-17 12:35:36,225 ERROR o.a.j.u.BeanShellInterpreter: Error invoking bsh method: eval	Sourced file: inline evaluation of: ``//props.put("MyCookie","${COOKIE_orangehrm}"); //Make the Cookie Global Access b . . . '' : Typed variable declaration : Error in method invocation: Method replaceAll( java.lang.String, java.lang.String, java.lang.String ) not found in class'java.lang.String'
2025-07-17 12:35:36,225 WARN o.a.j.e.BeanShellPostProcessor: Problem in BeanShell script: org.apache.jorphan.util.JMeterException: Error invoking bsh method: eval	Sourced file: inline evaluation of: ``//props.put("MyCookie","${COOKIE_orangehrm}"); //Make the Cookie Global Access b . . . '' : Typed variable declaration : Error in method invocation: Method replaceAll( java.lang.String, java.lang.String, java.lang.String ) not found in class'java.lang.String'
2025-07-17 12:35:43,787 INFO o.a.j.t.JMeterThread: Thread is done: Functional Module 1-1
2025-07-17 12:35:43,787 INFO o.a.j.t.JMeterThread: Thread finished: Functional Module 1-1
2025-07-17 12:35:43,787 INFO o.a.j.e.StandardJMeterEngine: All thread groups have been started
2025-07-17 12:35:43,787 INFO o.a.j.e.StandardJMeterEngine: Starting tearDown thread groups
2025-07-17 12:35:43,787 INFO o.a.j.e.StandardJMeterEngine: Starting tearDown ThreadGroup: 1 : Logout Module
2025-07-17 12:35:43,787 INFO o.a.j.e.StandardJMeterEngine: Starting 1 threads for group Logout Module.
2025-07-17 12:35:43,797 INFO o.a.j.e.StandardJMeterEngine: Thread will continue on error
2025-07-17 12:35:43,797 INFO o.a.j.t.ThreadGroup: Starting thread group... number=1 threads=1 ramp-up=2 delayedStart=false
2025-07-17 12:35:43,825 INFO o.a.j.t.ThreadGroup: Started thread group number 1
2025-07-17 12:35:43,825 INFO o.a.j.t.JMeterThread: Thread started: Logout Module 1-1
2025-07-17 12:35:43,825 ERROR o.a.j.u.BeanShellInterpreter: Error invoking bsh method: eval	Sourced file: inline evaluation of: ``import org.apache.jmeter.protocol.http.control.CookieManager; import org.apache. . . . ''
2025-07-17 12:35:43,825 WARN o.a.j.m.BeanShellPreProcessor: Problem in BeanShell script. org.apache.jorphan.util.JMeterException: Error invoking bsh method: eval	Sourced file: inline evaluation of: ``import org.apache.jmeter.protocol.http.control.CookieManager; import org.apache. . . . ''
2025-07-17 12:35:45,852 ERROR o.a.j.u.BeanShellInterpreter: Error invoking bsh method: eval	Sourced file: inline evaluation of: ``import org.apache.jmeter.protocol.http.control.CookieManager; import org.apache. . . . ''
2025-07-17 12:35:45,853 WARN o.a.j.m.BeanShellPreProcessor: Problem in BeanShell script. org.apache.jorphan.util.JMeterException: Error invoking bsh method: eval	Sourced file: inline evaluation of: ``import org.apache.jmeter.protocol.http.control.CookieManager; import org.apache. . . . ''
2025-07-17 12:35:45,854 ERROR o.a.j.u.BeanShellInterpreter: Error invoking bsh method: eval	Sourced file: inline evaluation of: ``import org.apache.jmeter.protocol.http.control.CookieManager; import org.apache. . . . ''
2025-07-17 12:35:45,854 WARN o.a.j.m.BeanShellPreProcessor: Problem in BeanShell script. org.apache.jorphan.util.JMeterException: Error invoking bsh method: eval	Sourced file: inline evaluation of: ``import org.apache.jmeter.protocol.http.control.CookieManager; import org.apache. . . . ''
2025-07-17 12:35:47,996 ERROR o.a.j.u.BeanShellInterpreter: Error invoking bsh method: eval	Sourced file: inline evaluation of: ``//props.put("MyCookie","${COOKIE_orangehrm}"); //Make the Cookie Global Access b . . . '' : Typed variable declaration : Error in method invocation: Method replaceAll( java.lang.String, java.lang.String, java.lang.String ) not found in class'java.lang.String'
2025-07-17 12:35:47,997 WARN o.a.j.e.BeanShellPostProcessor: Problem in BeanShell script: org.apache.jorphan.util.JMeterException: Error invoking bsh method: eval	Sourced file: inline evaluation of: ``//props.put("MyCookie","${COOKIE_orangehrm}"); //Make the Cookie Global Access b . . . '' : Typed variable declaration : Error in method invocation: Method replaceAll( java.lang.String, java.lang.String, java.lang.String ) not found in class'java.lang.String'
2025-07-17 12:35:49,736 INFO o.a.j.t.JMeterThread: Thread is done: Logout Module 1-1
2025-07-17 12:35:49,736 INFO o.a.j.t.JMeterThread: Thread finished: Logout Module 1-1
2025-07-17 12:35:49,736 INFO o.a.j.e.StandardJMeterEngine: Notifying test listeners of end of test
2025-07-17 12:35:49,743 INFO o.a.j.JMeter: Generating Dashboard
2025-07-17 12:35:49,743 INFO o.a.j.r.d.ReportGenerator: Flushing result collector before report Generation
2025-07-17 12:35:49,815 INFO o.a.j.r.p.NormalizerSampleConsumer: Using format, 'ms', to parse timeStamp field
2025-07-17 12:35:49,969 INFO o.a.j.r.p.AbstractSampleConsumer: class org.apache.jmeter.report.processor.AggregateConsumer#stopProducing(): beginDate produced 0 samples
2025-07-17 12:35:49,969 INFO o.a.j.r.p.AbstractSampleConsumer: class org.apache.jmeter.report.processor.AggregateConsumer#stopProducing(): endDate produced 0 samples
2025-07-17 12:35:49,976 INFO o.a.j.r.p.AbstractSampleConsumer: class org.apache.jmeter.report.processor.ApdexSummaryConsumer#stopProducing(): apdexSummary produced 0 samples
2025-07-17 12:35:49,976 INFO o.a.j.r.p.AbstractSampleConsumer: class org.apache.jmeter.report.processor.RequestsSummaryConsumer#stopProducing(): requestsSummary produced 0 samples
2025-07-17 12:35:49,991 INFO o.a.j.r.p.AbstractSampleConsumer: class org.apache.jmeter.report.processor.StatisticsSummaryConsumer#stopProducing(): statisticsSummary produced 0 samples
2025-07-17 12:35:49,998 INFO o.a.j.r.p.AbstractSampleConsumer: class org.apache.jmeter.report.processor.Top5ErrorsBySamplerConsumer#stopProducing(): top5ErrorsBySampler produced 0 samples
2025-07-17 12:35:49,998 INFO o.a.j.r.p.AbstractSampleConsumer: class org.apache.jmeter.report.processor.ErrorsSummaryConsumer#stopProducing(): errorsSummary produced 0 samples
2025-07-17 12:35:49,998 INFO o.a.j.r.p.AbstractSampleConsumer: class org.apache.jmeter.report.processor.graph.impl.HitsPerSecondGraphConsumer#stopProducing(): hitsPerSecond produced 0 samples
2025-07-17 12:35:50,056 INFO o.a.j.r.p.AbstractSampleConsumer: class org.apache.jmeter.report.processor.graph.impl.LatencyVSRequestGraphConsumer#stopProducing(): latencyVsRequest produced 0 samples
2025-07-17 12:35:50,056 INFO o.a.j.r.p.AbstractSampleConsumer: class org.apache.jmeter.report.processor.graph.impl.SyntheticResponseTimeDistributionGraphConsumer#stopProducing(): syntheticResponseTimeDistribution produced 0 samples
2025-07-17 12:35:50,056 INFO o.a.j.r.p.AbstractSampleConsumer: class org.apache.jmeter.report.processor.graph.impl.BytesThroughputGraphConsumer#stopProducing(): bytesThroughputOverTime produced 0 samples
2025-07-17 12:35:50,056 INFO o.a.j.r.p.AbstractSampleConsumer: class org.apache.jmeter.report.processor.graph.impl.CodesPerSecondGraphConsumer#stopProducing(): codesPerSecond produced 0 samples
2025-07-17 12:35:50,070 INFO o.a.j.r.p.AbstractSampleConsumer: class org.apache.jmeter.report.processor.graph.impl.ResponseTimeVSRequestGraphConsumer#stopProducing(): responseTimeVsRequest produced 0 samples
2025-07-17 12:35:50,070 INFO o.a.j.r.p.AbstractSampleConsumer: class org.apache.jmeter.report.processor.FilterConsumer#stopProducing(): startIntervalControlerFilter produced 140 samples
2025-07-17 12:35:50,070 INFO o.a.j.r.p.AbstractSampleConsumer: class org.apache.jmeter.report.processor.graph.impl.TotalTPSGraphConsumer#stopProducing(): totalTPS produced 0 samples
2025-07-17 12:35:50,070 INFO o.a.j.r.p.AbstractSampleConsumer: class org.apache.jmeter.report.processor.graph.impl.ActiveThreadsGraphConsumer#stopProducing(): activeThreadsOverTime produced 0 samples
2025-07-17 12:35:50,070 INFO o.a.j.r.p.AbstractSampleConsumer: class org.apache.jmeter.report.processor.graph.impl.TimeVSThreadGraphConsumer#stopProducing(): timeVsThreads produced 0 samples
2025-07-17 12:35:50,070 INFO o.a.j.r.p.AbstractSampleConsumer: class org.apache.jmeter.report.processor.graph.impl.ResponseTimeDistributionGraphConsumer#stopProducing(): responseTimeDistribution produced 0 samples
2025-07-17 12:35:50,070 INFO o.a.j.r.p.AbstractSampleConsumer: class org.apache.jmeter.report.processor.graph.impl.TransactionsPerSecondGraphConsumer#stopProducing(): transactionsPerSecond produced 0 samples
2025-07-17 12:35:50,070 INFO o.a.j.r.p.AbstractSampleConsumer: class org.apache.jmeter.report.processor.graph.impl.ResponseTimePercentilesGraphConsumer#stopProducing(): responseTimePercentiles produced 0 samples
2025-07-17 12:35:50,070 INFO o.a.j.r.p.AbstractSampleConsumer: class org.apache.jmeter.report.processor.graph.impl.ResponseTimePercentilesOverTimeGraphConsumer#stopProducing(): responseTimePercentilesOverTime produced 0 samples
2025-07-17 12:35:50,070 INFO o.a.j.r.p.AbstractSampleConsumer: class org.apache.jmeter.report.processor.graph.impl.ResponseTimeOverTimeGraphConsumer#stopProducing(): responseTimesOverTime produced 0 samples
2025-07-17 12:35:50,070 INFO o.a.j.r.p.AbstractSampleConsumer: class org.apache.jmeter.report.processor.graph.impl.ConnectTimeOverTimeGraphConsumer#stopProducing(): connectTimeOverTime produced 0 samples
2025-07-17 12:35:50,070 INFO o.a.j.r.p.AbstractSampleConsumer: class org.apache.jmeter.report.processor.graph.impl.LatencyOverTimeGraphConsumer#stopProducing(): latenciesOverTime produced 0 samples
2025-07-17 12:35:50,070 INFO o.a.j.r.p.AbstractSampleConsumer: class org.apache.jmeter.report.processor.FilterConsumer#stopProducing(): nameFilter produced 300 samples
2025-07-17 12:35:50,070 INFO o.a.j.r.p.AbstractSampleConsumer: class org.apache.jmeter.report.processor.FilterConsumer#stopProducing(): dateRangeFilter produced 60 samples
2025-07-17 12:35:50,070 INFO o.a.j.r.p.AbstractSampleConsumer: class org.apache.jmeter.report.processor.NormalizerSampleConsumer#stopProducing(): normalizer produced 20 samples
2025-07-17 12:35:50,077 INFO o.a.j.r.p.CsvFileSampleSource: produce(): 20 samples produced in 191ms on channel 0
2025-07-17 12:35:50,077 INFO o.a.j.r.d.ReportGenerator: Exporting data using exporter:'json' of className:'org.apache.jmeter.report.dashboard.JsonExporter'
2025-07-17 12:35:50,262 INFO o.a.j.r.d.JsonExporter: Found data for consumer statisticsSummaryÂ in context
2025-07-17 12:35:50,262 INFO o.a.j.r.d.JsonExporter: Creating statistics for overall
2025-07-17 12:35:50,276 INFO o.a.j.r.d.JsonExporter: Creating statistics for other transactions
2025-07-17 12:35:50,276 INFO o.a.j.r.d.JsonExporter: Checking output folder
2025-07-17 12:35:50,276 INFO o.a.j.r.d.JsonExporter: Writing statistics JSON to C:\Users\Signity\Desktop\Project_Jmeter\OrangeHRM\temp\statistics.json
2025-07-17 12:35:50,407 INFO o.a.j.r.d.ReportGenerator: Exporting data using exporter:'html' of className:'org.apache.jmeter.report.dashboard.HtmlTemplateExporter'
2025-07-17 12:35:50,418 INFO o.a.j.r.d.HtmlTemplateExporter: Will generate dashboard in folder: C:\Users\Signity\Desktop\Project_Jmeter\OrangeHRM\temp
2025-07-17 12:35:50,691 INFO o.a.j.r.d.HtmlTemplateExporter: Report will be generated in: C:\Users\Signity\Desktop\Project_Jmeter\OrangeHRM\temp, creating folder structure
2025-07-17 12:35:50,694 INFO o.a.j.r.d.TemplateVisitor: Copying folder from 'C:\Users\Signity\Desktop\Jmeter_download\apache-jmeter-5.6.3\apache-jmeter-5.6.3\bin\report-template' to 'C:\Users\Signity\Desktop\Project_Jmeter\OrangeHRM\temp', got message: C:\Users\Signity\Desktop\Project_Jmeter\OrangeHRM\temp, found non empty folder with following content [C:\Users\Signity\Desktop\Project_Jmeter\OrangeHRM\temp\statistics.json], will be ignored
2025-07-17 12:35:51,699 INFO o.a.j.JMeter: Dashboard generated
